{"C:\\Users\\Luuk Bruna\\Documents\\nodejs_projects\\restrace\\app.js":{"path":"C:\\Users\\Luuk Bruna\\Documents\\nodejs_projects\\restrace\\app.js","s":{"1":1,"2":1,"3":1,"4":1,"5":1,"6":1,"7":1,"8":1,"9":1,"10":1,"11":1,"12":1,"13":1,"14":1,"15":1,"16":1,"17":1,"18":0,"19":0,"20":0,"21":0,"22":0,"23":1,"24":1,"25":1,"26":1,"27":1,"28":2,"29":2,"30":2,"31":2,"32":2,"33":2,"34":2,"35":2,"36":1,"37":0,"38":0,"39":1,"40":0,"41":0,"42":0,"43":1,"44":1,"45":1,"46":1,"47":1,"48":1,"49":1,"50":1,"51":1,"52":1,"53":1,"54":1,"55":1,"56":1,"57":1,"58":1,"59":1,"60":1,"61":1,"62":1,"63":1,"64":1,"65":1,"66":1,"67":1,"68":0,"69":0,"70":0,"71":1,"72":0,"73":0,"74":0,"75":1,"76":0,"77":0,"78":1},"b":{"1":[0,0],"2":[0,0],"3":[0,0],"4":[0,0],"5":[0,0],"6":[0,0],"7":[0,1],"8":[0,0],"9":[0,0]},"f":{"1":0,"2":2,"3":0,"4":0,"5":0,"6":0,"7":0},"fnMap":{"1":{"name":"(anonymous_1)","line":25,"loc":{"start":{"line":25,"column":20},"end":{"line":25,"column":48}}},"2":{"name":"handleError","line":49,"loc":{"start":{"line":49,"column":0},"end":{"line":49,"column":52}}},"3":{"name":"(anonymous_3)","line":62,"loc":{"start":{"line":62,"column":32},"end":{"line":62,"column":47}}},"4":{"name":"(anonymous_4)","line":70,"loc":{"start":{"line":70,"column":30},"end":{"line":70,"column":45}}},"5":{"name":"(anonymous_5)","line":117,"loc":{"start":{"line":117,"column":8},"end":{"line":117,"column":34}}},"6":{"name":"(anonymous_6)","line":129,"loc":{"start":{"line":129,"column":12},"end":{"line":129,"column":43}}},"7":{"name":"(anonymous_7)","line":140,"loc":{"start":{"line":140,"column":8},"end":{"line":140,"column":39}}}},"statementMap":{"1":{"start":{"line":1,"column":0},"end":{"line":1,"column":33}},"2":{"start":{"line":2,"column":0},"end":{"line":2,"column":27}},"3":{"start":{"line":3,"column":0},"end":{"line":3,"column":39}},"4":{"start":{"line":4,"column":0},"end":{"line":4,"column":31}},"5":{"start":{"line":5,"column":0},"end":{"line":5,"column":35}},"6":{"start":{"line":6,"column":0},"end":{"line":6,"column":37}},"7":{"start":{"line":7,"column":0},"end":{"line":7,"column":38}},"8":{"start":{"line":9,"column":0},"end":{"line":9,"column":44}},"9":{"start":{"line":10,"column":0},"end":{"line":10,"column":40}},"10":{"start":{"line":11,"column":0},"end":{"line":11,"column":35}},"11":{"start":{"line":12,"column":0},"end":{"line":12,"column":41}},"12":{"start":{"line":13,"column":0},"end":{"line":13,"column":43}},"13":{"start":{"line":14,"column":0},"end":{"line":14,"column":44}},"14":{"start":{"line":16,"column":0},"end":{"line":16,"column":20}},"15":{"start":{"line":19,"column":0},"end":{"line":19,"column":47}},"16":{"start":{"line":22,"column":0},"end":{"line":22,"column":31}},"17":{"start":{"line":24,"column":0},"end":{"line":37,"column":3}},"18":{"start":{"line":26,"column":8},"end":{"line":26,"column":46}},"19":{"start":{"line":27,"column":8},"end":{"line":27,"column":24}},"20":{"start":{"line":28,"column":8},"end":{"line":35,"column":9}},"21":{"start":{"line":29,"column":12},"end":{"line":32,"column":19}},"22":{"start":{"line":34,"column":12},"end":{"line":34,"column":81}},"23":{"start":{"line":42,"column":0},"end":{"line":42,"column":43}},"24":{"start":{"line":43,"column":0},"end":{"line":43,"column":39}},"25":{"start":{"line":44,"column":0},"end":{"line":44,"column":35}},"26":{"start":{"line":47,"column":0},"end":{"line":47,"column":49}},"27":{"start":{"line":49,"column":0},"end":{"line":58,"column":1}},"28":{"start":{"line":50,"column":4},"end":{"line":50,"column":18}},"29":{"start":{"line":51,"column":4},"end":{"line":51,"column":51}},"30":{"start":{"line":52,"column":4},"end":{"line":52,"column":65}},"31":{"start":{"line":53,"column":4},"end":{"line":53,"column":61}},"32":{"start":{"line":54,"column":4},"end":{"line":54,"column":91}},"33":{"start":{"line":55,"column":4},"end":{"line":55,"column":52}},"34":{"start":{"line":56,"column":4},"end":{"line":56,"column":27}},"35":{"start":{"line":57,"column":4},"end":{"line":57,"column":22}},"36":{"start":{"line":62,"column":0},"end":{"line":68,"column":3}},"37":{"start":{"line":65,"column":4},"end":{"line":67,"column":5}},"38":{"start":{"line":66,"column":8},"end":{"line":66,"column":20}},"39":{"start":{"line":70,"column":0},"end":{"line":76,"column":3}},"40":{"start":{"line":71,"column":4},"end":{"line":75,"column":5}},"41":{"start":{"line":72,"column":8},"end":{"line":72,"column":20}},"42":{"start":{"line":74,"column":8},"end":{"line":74,"column":21}},"43":{"start":{"line":78,"column":0},"end":{"line":78,"column":27}},"44":{"start":{"line":83,"column":0},"end":{"line":83,"column":57}},"45":{"start":{"line":84,"column":0},"end":{"line":84,"column":52}},"46":{"start":{"line":85,"column":0},"end":{"line":85,"column":67}},"47":{"start":{"line":87,"column":0},"end":{"line":87,"column":47}},"48":{"start":{"line":88,"column":0},"end":{"line":88,"column":80}},"49":{"start":{"line":89,"column":0},"end":{"line":89,"column":82}},"50":{"start":{"line":92,"column":0},"end":{"line":92,"column":48}},"51":{"start":{"line":93,"column":0},"end":{"line":93,"column":30}},"52":{"start":{"line":97,"column":0},"end":{"line":97,"column":23}},"53":{"start":{"line":98,"column":0},"end":{"line":98,"column":27}},"54":{"start":{"line":99,"column":0},"end":{"line":99,"column":50}},"55":{"start":{"line":100,"column":0},"end":{"line":100,"column":24}},"56":{"start":{"line":101,"column":0},"end":{"line":101,"column":40}},"57":{"start":{"line":102,"column":0},"end":{"line":102,"column":56}},"58":{"start":{"line":104,"column":0},"end":{"line":104,"column":31}},"59":{"start":{"line":105,"column":0},"end":{"line":105,"column":28}},"60":{"start":{"line":106,"column":0},"end":{"line":106,"column":17}},"61":{"start":{"line":108,"column":0},"end":{"line":108,"column":20}},"62":{"start":{"line":109,"column":0},"end":{"line":109,"column":33}},"63":{"start":{"line":110,"column":0},"end":{"line":110,"column":25}},"64":{"start":{"line":112,"column":0},"end":{"line":112,"column":32}},"65":{"start":{"line":113,"column":0},"end":{"line":113,"column":32}},"66":{"start":{"line":114,"column":0},"end":{"line":114,"column":40}},"67":{"start":{"line":117,"column":0},"end":{"line":122,"column":3}},"68":{"start":{"line":118,"column":4},"end":{"line":118,"column":37}},"69":{"start":{"line":119,"column":4},"end":{"line":119,"column":21}},"70":{"start":{"line":121,"column":4},"end":{"line":121,"column":14}},"71":{"start":{"line":128,"column":0},"end":{"line":136,"column":1}},"72":{"start":{"line":129,"column":4},"end":{"line":135,"column":7}},"73":{"start":{"line":130,"column":8},"end":{"line":130,"column":38}},"74":{"start":{"line":131,"column":8},"end":{"line":134,"column":11}},"75":{"start":{"line":140,"column":0},"end":{"line":146,"column":3}},"76":{"start":{"line":141,"column":4},"end":{"line":141,"column":34}},"77":{"start":{"line":142,"column":4},"end":{"line":145,"column":7}},"78":{"start":{"line":148,"column":0},"end":{"line":148,"column":21}}},"branchMap":{"1":{"line":26,"type":"binary-expr","locations":[{"start":{"line":26,"column":21},"end":{"line":26,"column":39}},{"start":{"line":26,"column":43},"end":{"line":26,"column":45}}]},"2":{"line":28,"type":"if","locations":[{"start":{"line":28,"column":8},"end":{"line":28,"column":8}},{"start":{"line":28,"column":8},"end":{"line":28,"column":8}}]},"3":{"line":65,"type":"if","locations":[{"start":{"line":65,"column":4},"end":{"line":65,"column":4}},{"start":{"line":65,"column":4},"end":{"line":65,"column":4}}]},"4":{"line":65,"type":"binary-expr","locations":[{"start":{"line":65,"column":8},"end":{"line":65,"column":16}},{"start":{"line":65,"column":20},"end":{"line":65,"column":55}}]},"5":{"line":71,"type":"if","locations":[{"start":{"line":71,"column":4},"end":{"line":71,"column":4}},{"start":{"line":71,"column":4},"end":{"line":71,"column":4}}]},"6":{"line":71,"type":"binary-expr","locations":[{"start":{"line":71,"column":8},"end":{"line":71,"column":16}},{"start":{"line":71,"column":20},"end":{"line":71,"column":51}}]},"7":{"line":128,"type":"if","locations":[{"start":{"line":128,"column":0},"end":{"line":128,"column":0}},{"start":{"line":128,"column":0},"end":{"line":128,"column":0}}]},"8":{"line":130,"type":"binary-expr","locations":[{"start":{"line":130,"column":19},"end":{"line":130,"column":29}},{"start":{"line":130,"column":33},"end":{"line":130,"column":36}}]},"9":{"line":141,"type":"binary-expr","locations":[{"start":{"line":141,"column":15},"end":{"line":141,"column":25}},{"start":{"line":141,"column":29},"end":{"line":141,"column":32}}]}}},"C:\\Users\\Luuk Bruna\\Documents\\nodejs_projects\\restrace\\config\\database.js":{"path":"C:\\Users\\Luuk Bruna\\Documents\\nodejs_projects\\restrace\\config\\database.js","s":{"1":1},"b":{},"f":{},"fnMap":{},"statementMap":{"1":{"start":{"line":2,"column":0},"end":{"line":6,"column":2}}},"branchMap":{}},"C:\\Users\\Luuk Bruna\\Documents\\nodejs_projects\\restrace\\models\\User.js":{"path":"C:\\Users\\Luuk Bruna\\Documents\\nodejs_projects\\restrace\\models\\User.js","s":{"1":1,"2":1,"3":1,"4":1,"5":0,"6":1,"7":0,"8":1,"9":0,"10":1,"11":0,"12":1,"13":1},"b":{},"f":{"1":1,"2":0,"3":0,"4":0,"5":0},"fnMap":{"1":{"name":"init","line":1,"loc":{"start":{"line":1,"column":-15},"end":{"line":1,"column":32}}},"2":{"name":"(anonymous_2)","line":19,"loc":{"start":{"line":19,"column":33},"end":{"line":19,"column":45}}},"3":{"name":"(anonymous_3)","line":23,"loc":{"start":{"line":23,"column":39},"end":{"line":23,"column":51}}},"4":{"name":"(anonymous_4)","line":29,"loc":{"start":{"line":29,"column":38},"end":{"line":29,"column":58}}},"5":{"name":"(anonymous_5)","line":34,"loc":{"start":{"line":34,"column":39},"end":{"line":34,"column":59}}}},"statementMap":{"1":{"start":{"line":1,"column":-15},"end":{"line":39,"column":1}},"2":{"start":{"line":2,"column":4},"end":{"line":2,"column":44}},"3":{"start":{"line":4,"column":4},"end":{"line":16,"column":7}},"4":{"start":{"line":19,"column":4},"end":{"line":21,"column":7}},"5":{"start":{"line":20,"column":8},"end":{"line":20,"column":24}},"6":{"start":{"line":23,"column":4},"end":{"line":25,"column":7}},"7":{"start":{"line":24,"column":8},"end":{"line":24,"column":75}},"8":{"start":{"line":29,"column":4},"end":{"line":31,"column":6}},"9":{"start":{"line":30,"column":8},"end":{"line":30,"column":70}},"10":{"start":{"line":34,"column":4},"end":{"line":36,"column":6}},"11":{"start":{"line":35,"column":8},"end":{"line":35,"column":65}},"12":{"start":{"line":38,"column":4},"end":{"line":38,"column":39}},"13":{"start":{"line":41,"column":0},"end":{"line":41,"column":22}}},"branchMap":{}},"C:\\Users\\Luuk Bruna\\Documents\\nodejs_projects\\restrace\\models\\Waypoint.js":{"path":"C:\\Users\\Luuk Bruna\\Documents\\nodejs_projects\\restrace\\models\\Waypoint.js","s":{"1":1,"2":1,"3":1,"4":1,"5":1},"b":{},"f":{"1":1},"fnMap":{"1":{"name":"init","line":1,"loc":{"start":{"line":1,"column":-15},"end":{"line":1,"column":24}}}},"statementMap":{"1":{"start":{"line":1,"column":-15},"end":{"line":23,"column":1}},"2":{"start":{"line":2,"column":4},"end":{"line":2,"column":48}},"3":{"start":{"line":4,"column":4},"end":{"line":19,"column":7}},"4":{"start":{"line":22,"column":4},"end":{"line":22,"column":47}},"5":{"start":{"line":25,"column":0},"end":{"line":25,"column":22}}},"branchMap":{}},"C:\\Users\\Luuk Bruna\\Documents\\nodejs_projects\\restrace\\models\\Race.js":{"path":"C:\\Users\\Luuk Bruna\\Documents\\nodejs_projects\\restrace\\models\\Race.js","s":{"1":1,"2":1,"3":1,"4":1,"5":7,"6":1,"7":0,"8":0,"9":0,"10":1,"11":0,"12":0,"13":0,"14":1,"15":0,"16":0,"17":0,"18":0,"19":0,"20":0,"21":0,"22":0,"23":0,"24":0,"25":0,"26":0,"27":0,"28":0,"29":0,"30":0,"31":0,"32":0,"33":0,"34":0,"35":1,"36":1},"b":{"1":[7,7],"2":[0,0],"3":[0,0],"4":[0,0],"5":[0,0]},"f":{"1":1,"2":7,"3":0,"4":0,"5":0},"fnMap":{"1":{"name":"init","line":1,"loc":{"start":{"line":1,"column":-15},"end":{"line":1,"column":24}}},"2":{"name":"(anonymous_2)","line":24,"loc":{"start":{"line":24,"column":37},"end":{"line":24,"column":52}}},"3":{"name":"(anonymous_3)","line":29,"loc":{"start":{"line":29,"column":38},"end":{"line":29,"column":62}}},"4":{"name":"(anonymous_4)","line":38,"loc":{"start":{"line":38,"column":36},"end":{"line":38,"column":75}}},"5":{"name":"(anonymous_5)","line":49,"loc":{"start":{"line":49,"column":35},"end":{"line":49,"column":53}}}},"statementMap":{"1":{"start":{"line":1,"column":-15},"end":{"line":81,"column":1}},"2":{"start":{"line":2,"column":4},"end":{"line":2,"column":44}},"3":{"start":{"line":4,"column":4},"end":{"line":21,"column":7}},"4":{"start":{"line":24,"column":4},"end":{"line":26,"column":55}},"5":{"start":{"line":25,"column":8},"end":{"line":25,"column":39}},"6":{"start":{"line":29,"column":4},"end":{"line":35,"column":6}},"7":{"start":{"line":30,"column":8},"end":{"line":32,"column":9}},"8":{"start":{"line":31,"column":12},"end":{"line":31,"column":33}},"9":{"start":{"line":34,"column":8},"end":{"line":34,"column":42}},"10":{"start":{"line":38,"column":4},"end":{"line":46,"column":6}},"11":{"start":{"line":39,"column":8},"end":{"line":41,"column":9}},"12":{"start":{"line":40,"column":12},"end":{"line":40,"column":33}},"13":{"start":{"line":43,"column":8},"end":{"line":45,"column":43}},"14":{"start":{"line":49,"column":4},"end":{"line":77,"column":6}},"15":{"start":{"line":51,"column":8},"end":{"line":51,"column":41}},"16":{"start":{"line":52,"column":8},"end":{"line":52,"column":29}},"17":{"start":{"line":53,"column":8},"end":{"line":53,"column":41}},"18":{"start":{"line":54,"column":8},"end":{"line":54,"column":41}},"19":{"start":{"line":55,"column":8},"end":{"line":55,"column":40}},"20":{"start":{"line":56,"column":8},"end":{"line":56,"column":37}},"21":{"start":{"line":58,"column":8},"end":{"line":75,"column":9}},"22":{"start":{"line":59,"column":12},"end":{"line":59,"column":28}},"23":{"start":{"line":60,"column":12},"end":{"line":60,"column":30}},"24":{"start":{"line":61,"column":12},"end":{"line":66,"column":13}},"25":{"start":{"line":62,"column":16},"end":{"line":65,"column":17}},"26":{"start":{"line":63,"column":20},"end":{"line":63,"column":30}},"27":{"start":{"line":64,"column":20},"end":{"line":64,"column":58}},"28":{"start":{"line":67,"column":12},"end":{"line":67,"column":28}},"29":{"start":{"line":68,"column":12},"end":{"line":73,"column":13}},"30":{"start":{"line":69,"column":16},"end":{"line":69,"column":54}},"31":{"start":{"line":70,"column":16},"end":{"line":70,"column":140}},"32":{"start":{"line":72,"column":16},"end":{"line":72,"column":48}},"33":{"start":{"line":74,"column":12},"end":{"line":74,"column":97}},"34":{"start":{"line":76,"column":8},"end":{"line":76,"column":27}},"35":{"start":{"line":80,"column":4},"end":{"line":80,"column":39}},"36":{"start":{"line":83,"column":0},"end":{"line":83,"column":22}}},"branchMap":{"1":{"line":25,"type":"binary-expr","locations":[{"start":{"line":25,"column":15},"end":{"line":25,"column":18}},{"start":{"line":25,"column":22},"end":{"line":25,"column":38}}]},"2":{"line":30,"type":"if","locations":[{"start":{"line":30,"column":8},"end":{"line":30,"column":8}},{"start":{"line":30,"column":8},"end":{"line":30,"column":8}}]},"3":{"line":39,"type":"if","locations":[{"start":{"line":39,"column":8},"end":{"line":39,"column":8}},{"start":{"line":39,"column":8},"end":{"line":39,"column":8}}]},"4":{"line":62,"type":"if","locations":[{"start":{"line":62,"column":16},"end":{"line":62,"column":16}},{"start":{"line":62,"column":16},"end":{"line":62,"column":16}}]},"5":{"line":68,"type":"if","locations":[{"start":{"line":68,"column":12},"end":{"line":68,"column":12}},{"start":{"line":68,"column":12},"end":{"line":68,"column":12}}]}}},"C:\\Users\\Luuk Bruna\\Documents\\nodejs_projects\\restrace\\config\\passport.js":{"path":"C:\\Users\\Luuk Bruna\\Documents\\nodejs_projects\\restrace\\config\\passport.js","s":{"1":1,"2":1,"3":1,"4":1,"5":1,"6":0,"7":1,"8":0,"9":0,"10":1,"11":0,"12":0,"13":0,"14":0,"15":0,"16":0,"17":0,"18":0,"19":0,"20":0,"21":0,"22":0,"23":0,"24":0,"25":1,"26":0,"27":0,"28":0,"29":0,"30":0,"31":0,"32":0,"33":0},"b":{"1":[0,0],"2":[0,0],"3":[0,0],"4":[0,0],"5":[0,0],"6":[0,0]},"f":{"1":1,"2":0,"3":0,"4":0,"5":0,"6":0,"7":0,"8":0,"9":0,"10":0},"fnMap":{"1":{"name":"(anonymous_1)","line":8,"loc":{"start":{"line":8,"column":17},"end":{"line":8,"column":47}}},"2":{"name":"(anonymous_2)","line":13,"loc":{"start":{"line":13,"column":27},"end":{"line":13,"column":49}}},"3":{"name":"(anonymous_3)","line":18,"loc":{"start":{"line":18,"column":29},"end":{"line":18,"column":49}}},"4":{"name":"(anonymous_4)","line":19,"loc":{"start":{"line":19,"column":26},"end":{"line":19,"column":47}}},"5":{"name":"(anonymous_5)","line":31,"loc":{"start":{"line":31,"column":4},"end":{"line":31,"column":42}}},"6":{"name":"(anonymous_6)","line":34,"loc":{"start":{"line":34,"column":25},"end":{"line":34,"column":37}}},"7":{"name":"(anonymous_7)","line":36,"loc":{"start":{"line":36,"column":49},"end":{"line":36,"column":70}}},"8":{"name":"(anonymous_8)","line":56,"loc":{"start":{"line":56,"column":33},"end":{"line":56,"column":48}}},"9":{"name":"(anonymous_9)","line":76,"loc":{"start":{"line":76,"column":4},"end":{"line":76,"column":41}}},"10":{"name":"(anonymous_10)","line":80,"loc":{"start":{"line":80,"column":49},"end":{"line":80,"column":69}}}},"statementMap":{"1":{"start":{"line":2,"column":0},"end":{"line":2,"column":55}},"2":{"start":{"line":5,"column":0},"end":{"line":5,"column":9}},"3":{"start":{"line":8,"column":0},"end":{"line":97,"column":2}},"4":{"start":{"line":10,"column":4},"end":{"line":10,"column":34}},"5":{"start":{"line":13,"column":4},"end":{"line":15,"column":7}},"6":{"start":{"line":14,"column":8},"end":{"line":14,"column":28}},"7":{"start":{"line":18,"column":4},"end":{"line":22,"column":7}},"8":{"start":{"line":19,"column":8},"end":{"line":21,"column":11}},"9":{"start":{"line":20,"column":12},"end":{"line":20,"column":28}},"10":{"start":{"line":25,"column":4},"end":{"line":67,"column":8}},"11":{"start":{"line":34,"column":8},"end":{"line":65,"column":11}},"12":{"start":{"line":36,"column":12},"end":{"line":63,"column":15}},"13":{"start":{"line":38,"column":16},"end":{"line":39,"column":37}},"14":{"start":{"line":39,"column":20},"end":{"line":39,"column":37}},"15":{"start":{"line":42,"column":16},"end":{"line":61,"column":17}},"16":{"start":{"line":43,"column":20},"end":{"line":43,"column":97}},"17":{"start":{"line":48,"column":20},"end":{"line":48,"column":45}},"18":{"start":{"line":51,"column":20},"end":{"line":51,"column":48}},"19":{"start":{"line":52,"column":20},"end":{"line":52,"column":76}},"20":{"start":{"line":53,"column":20},"end":{"line":53,"column":51}},"21":{"start":{"line":56,"column":20},"end":{"line":60,"column":23}},"22":{"start":{"line":57,"column":24},"end":{"line":58,"column":38}},"23":{"start":{"line":58,"column":28},"end":{"line":58,"column":38}},"24":{"start":{"line":59,"column":24},"end":{"line":59,"column":51}},"25":{"start":{"line":70,"column":4},"end":{"line":96,"column":8}},"26":{"start":{"line":80,"column":8},"end":{"line":95,"column":11}},"27":{"start":{"line":82,"column":12},"end":{"line":83,"column":33}},"28":{"start":{"line":83,"column":16},"end":{"line":83,"column":33}},"29":{"start":{"line":86,"column":12},"end":{"line":87,"column":95}},"30":{"start":{"line":87,"column":16},"end":{"line":87,"column":95}},"31":{"start":{"line":90,"column":12},"end":{"line":91,"column":106}},"32":{"start":{"line":91,"column":16},"end":{"line":91,"column":106}},"33":{"start":{"line":94,"column":12},"end":{"line":94,"column":36}}},"branchMap":{"1":{"line":38,"type":"if","locations":[{"start":{"line":38,"column":16},"end":{"line":38,"column":16}},{"start":{"line":38,"column":16},"end":{"line":38,"column":16}}]},"2":{"line":42,"type":"if","locations":[{"start":{"line":42,"column":16},"end":{"line":42,"column":16}},{"start":{"line":42,"column":16},"end":{"line":42,"column":16}}]},"3":{"line":57,"type":"if","locations":[{"start":{"line":57,"column":24},"end":{"line":57,"column":24}},{"start":{"line":57,"column":24},"end":{"line":57,"column":24}}]},"4":{"line":82,"type":"if","locations":[{"start":{"line":82,"column":12},"end":{"line":82,"column":12}},{"start":{"line":82,"column":12},"end":{"line":82,"column":12}}]},"5":{"line":86,"type":"if","locations":[{"start":{"line":86,"column":12},"end":{"line":86,"column":12}},{"start":{"line":86,"column":12},"end":{"line":86,"column":12}}]},"6":{"line":90,"type":"if","locations":[{"start":{"line":90,"column":12},"end":{"line":90,"column":12}},{"start":{"line":90,"column":12},"end":{"line":90,"column":12}}]}}},"C:\\Users\\Luuk Bruna\\Documents\\nodejs_projects\\restrace\\routes\\index.js":{"path":"C:\\Users\\Luuk Bruna\\Documents\\nodejs_projects\\restrace\\routes\\index.js","s":{"1":1,"2":1,"3":1,"4":1,"5":0,"6":0,"7":0,"8":1,"9":1,"10":1,"11":1,"12":0,"13":0,"14":0,"15":1,"16":0,"17":1,"18":0,"19":1,"20":0,"21":0,"22":0,"23":1},"b":{"1":[0,0],"2":[0,0],"3":[0,0]},"f":{"1":0,"2":1,"3":0,"4":0,"5":0,"6":0},"fnMap":{"1":{"name":"isLoggedIn","line":6,"loc":{"start":{"line":6,"column":0},"end":{"line":6,"column":36}}},"2":{"name":"(anonymous_2)","line":16,"loc":{"start":{"line":16,"column":17},"end":{"line":16,"column":46}}},"3":{"name":"(anonymous_3)","line":22,"loc":{"start":{"line":22,"column":17},"end":{"line":22,"column":43}}},"4":{"name":"(anonymous_4)","line":30,"loc":{"start":{"line":30,"column":17},"end":{"line":30,"column":43}}},"5":{"name":"(anonymous_5)","line":35,"loc":{"start":{"line":35,"column":17},"end":{"line":35,"column":37}}},"6":{"name":"(anonymous_6)","line":40,"loc":{"start":{"line":40,"column":29},"end":{"line":40,"column":49}}}},"statementMap":{"1":{"start":{"line":1,"column":0},"end":{"line":1,"column":33}},"2":{"start":{"line":2,"column":0},"end":{"line":2,"column":30}},"3":{"start":{"line":3,"column":0},"end":{"line":3,"column":16}},"4":{"start":{"line":6,"column":0},"end":{"line":14,"column":1}},"5":{"start":{"line":9,"column":4},"end":{"line":10,"column":22}},"6":{"start":{"line":10,"column":8},"end":{"line":10,"column":22}},"7":{"start":{"line":13,"column":4},"end":{"line":13,"column":22}},"8":{"start":{"line":16,"column":0},"end":{"line":50,"column":2}},"9":{"start":{"line":17,"column":4},"end":{"line":17,"column":53}},"10":{"start":{"line":18,"column":4},"end":{"line":18,"column":30}},"11":{"start":{"line":21,"column":4},"end":{"line":27,"column":15}},"12":{"start":{"line":23,"column":16},"end":{"line":25,"column":17}},"13":{"start":{"line":24,"column":20},"end":{"line":24,"column":45}},"14":{"start":{"line":26,"column":16},"end":{"line":26,"column":36}},"15":{"start":{"line":29,"column":4},"end":{"line":32,"column":15}},"16":{"start":{"line":31,"column":16},"end":{"line":31,"column":74}},"17":{"start":{"line":34,"column":4},"end":{"line":37,"column":15}},"18":{"start":{"line":36,"column":16},"end":{"line":36,"column":76}},"19":{"start":{"line":39,"column":4},"end":{"line":47,"column":15}},"20":{"start":{"line":41,"column":16},"end":{"line":43,"column":17}},"21":{"start":{"line":42,"column":20},"end":{"line":42,"column":53}},"22":{"start":{"line":44,"column":16},"end":{"line":46,"column":19}},"23":{"start":{"line":49,"column":4},"end":{"line":49,"column":18}}},"branchMap":{"1":{"line":9,"type":"if","locations":[{"start":{"line":9,"column":4},"end":{"line":9,"column":4}},{"start":{"line":9,"column":4},"end":{"line":9,"column":4}}]},"2":{"line":23,"type":"if","locations":[{"start":{"line":23,"column":16},"end":{"line":23,"column":16}},{"start":{"line":23,"column":16},"end":{"line":23,"column":16}}]},"3":{"line":41,"type":"if","locations":[{"start":{"line":41,"column":16},"end":{"line":41,"column":16}},{"start":{"line":41,"column":16},"end":{"line":41,"column":16}}]}}},"C:\\Users\\Luuk Bruna\\Documents\\nodejs_projects\\restrace\\routes\\waypoints.js":{"path":"C:\\Users\\Luuk Bruna\\Documents\\nodejs_projects\\restrace\\routes\\waypoints.js","s":{"1":1,"2":1,"3":1,"4":1,"5":1,"6":1,"7":0,"8":1},"b":{},"f":{"1":1,"2":0},"fnMap":{"1":{"name":"(anonymous_1)","line":5,"loc":{"start":{"line":5,"column":17},"end":{"line":5,"column":33}}},"2":{"name":"(anonymous_2)","line":9,"loc":{"start":{"line":9,"column":48},"end":{"line":9,"column":74}}}},"statementMap":{"1":{"start":{"line":1,"column":0},"end":{"line":1,"column":33}},"2":{"start":{"line":2,"column":0},"end":{"line":2,"column":23}},"3":{"start":{"line":3,"column":0},"end":{"line":3,"column":30}},"4":{"start":{"line":5,"column":0},"end":{"line":15,"column":2}},"5":{"start":{"line":6,"column":4},"end":{"line":6,"column":56}},"6":{"start":{"line":8,"column":4},"end":{"line":11,"column":15}},"7":{"start":{"line":10,"column":16},"end":{"line":10,"column":48}},"8":{"start":{"line":13,"column":4},"end":{"line":13,"column":18}}},"branchMap":{}},"C:\\Users\\Luuk Bruna\\Documents\\nodejs_projects\\restrace\\routes\\races.js":{"path":"C:\\Users\\Luuk Bruna\\Documents\\nodejs_projects\\restrace\\routes\\races.js","s":{"1":1,"2":1,"3":1,"4":1,"5":0,"6":0,"7":0,"8":1,"9":1,"10":1,"11":1,"12":1,"13":2,"14":2,"15":0,"16":2,"17":2,"18":1,"19":1,"20":1,"21":1,"22":1,"23":0,"24":1,"25":1,"26":1,"27":0,"28":0,"29":0,"30":0,"31":0,"32":0,"33":0,"34":1,"35":0,"36":0,"37":0,"38":0,"39":0,"40":0,"41":1,"42":1,"43":1,"44":1,"45":1,"46":1,"47":1},"b":{"1":[0,0],"2":[0,2],"3":[2,2],"4":[0,1],"5":[0,0],"6":[0,0]},"f":{"1":0,"2":1,"3":2,"4":1,"5":1,"6":0,"7":0,"8":0,"9":0,"10":1},"fnMap":{"1":{"name":"isLoggedIn","line":5,"loc":{"start":{"line":5,"column":0},"end":{"line":5,"column":36}}},"2":{"name":"(anonymous_2)","line":15,"loc":{"start":{"line":15,"column":17},"end":{"line":15,"column":56}}},"3":{"name":"getUserRole","line":20,"loc":{"start":{"line":20,"column":4},"end":{"line":20,"column":35}}},"4":{"name":"getRace","line":30,"loc":{"start":{"line":30,"column":4},"end":{"line":30,"column":31}}},"5":{"name":"(anonymous_5)","line":33,"loc":{"start":{"line":33,"column":18},"end":{"line":33,"column":39}}},"6":{"name":"getShowRace","line":42,"loc":{"start":{"line":42,"column":4},"end":{"line":42,"column":35}}},"7":{"name":"(anonymous_7)","line":45,"loc":{"start":{"line":45,"column":18},"end":{"line":45,"column":39}}},"8":{"name":"getResultPage","line":54,"loc":{"start":{"line":54,"column":4},"end":{"line":54,"column":36}}},"9":{"name":"(anonymous_9)","line":57,"loc":{"start":{"line":57,"column":18},"end":{"line":57,"column":39}}},"10":{"name":"(anonymous_10)","line":66,"loc":{"start":{"line":66,"column":17},"end":{"line":66,"column":43}}}},"statementMap":{"1":{"start":{"line":1,"column":0},"end":{"line":1,"column":33}},"2":{"start":{"line":2,"column":0},"end":{"line":2,"column":23}},"3":{"start":{"line":3,"column":0},"end":{"line":3,"column":30}},"4":{"start":{"line":5,"column":0},"end":{"line":13,"column":1}},"5":{"start":{"line":8,"column":4},"end":{"line":9,"column":22}},"6":{"start":{"line":9,"column":8},"end":{"line":9,"column":22}},"7":{"start":{"line":12,"column":4},"end":{"line":12,"column":22}},"8":{"start":{"line":15,"column":0},"end":{"line":78,"column":2}},"9":{"start":{"line":16,"column":4},"end":{"line":16,"column":54}},"10":{"start":{"line":17,"column":4},"end":{"line":17,"column":38}},"11":{"start":{"line":18,"column":4},"end":{"line":18,"column":34}},"12":{"start":{"line":20,"column":4},"end":{"line":28,"column":5}},"13":{"start":{"line":21,"column":8},"end":{"line":21,"column":22}},"14":{"start":{"line":22,"column":8},"end":{"line":26,"column":9}},"15":{"start":{"line":23,"column":12},"end":{"line":23,"column":39}},"16":{"start":{"line":25,"column":12},"end":{"line":25,"column":30}},"17":{"start":{"line":27,"column":8},"end":{"line":27,"column":20}},"18":{"start":{"line":30,"column":4},"end":{"line":40,"column":5}},"19":{"start":{"line":31,"column":8},"end":{"line":31,"column":35}},"20":{"start":{"line":32,"column":8},"end":{"line":32,"column":44}},"21":{"start":{"line":33,"column":8},"end":{"line":39,"column":11}},"22":{"start":{"line":34,"column":12},"end":{"line":36,"column":13}},"23":{"start":{"line":35,"column":16},"end":{"line":35,"column":55}},"24":{"start":{"line":37,"column":12},"end":{"line":37,"column":45}},"25":{"start":{"line":38,"column":12},"end":{"line":38,"column":62}},"26":{"start":{"line":42,"column":4},"end":{"line":52,"column":5}},"27":{"start":{"line":43,"column":8},"end":{"line":43,"column":35}},"28":{"start":{"line":44,"column":8},"end":{"line":44,"column":41}},"29":{"start":{"line":45,"column":8},"end":{"line":51,"column":11}},"30":{"start":{"line":46,"column":12},"end":{"line":48,"column":13}},"31":{"start":{"line":47,"column":16},"end":{"line":47,"column":55}},"32":{"start":{"line":49,"column":12},"end":{"line":49,"column":32}},"33":{"start":{"line":50,"column":12},"end":{"line":50,"column":70}},"34":{"start":{"line":54,"column":4},"end":{"line":63,"column":5}},"35":{"start":{"line":55,"column":8},"end":{"line":55,"column":35}},"36":{"start":{"line":56,"column":8},"end":{"line":56,"column":41}},"37":{"start":{"line":57,"column":8},"end":{"line":62,"column":11}},"38":{"start":{"line":58,"column":12},"end":{"line":60,"column":13}},"39":{"start":{"line":59,"column":16},"end":{"line":59,"column":55}},"40":{"start":{"line":61,"column":12},"end":{"line":61,"column":53}},"41":{"start":{"line":65,"column":4},"end":{"line":69,"column":15}},"42":{"start":{"line":67,"column":16},"end":{"line":67,"column":49}},"43":{"start":{"line":68,"column":16},"end":{"line":68,"column":55}},"44":{"start":{"line":70,"column":4},"end":{"line":71,"column":26}},"45":{"start":{"line":72,"column":4},"end":{"line":73,"column":42}},"46":{"start":{"line":74,"column":4},"end":{"line":75,"column":63}},"47":{"start":{"line":77,"column":4},"end":{"line":77,"column":18}}},"branchMap":{"1":{"line":8,"type":"if","locations":[{"start":{"line":8,"column":4},"end":{"line":8,"column":4}},{"start":{"line":8,"column":4},"end":{"line":8,"column":4}}]},"2":{"line":22,"type":"if","locations":[{"start":{"line":22,"column":8},"end":{"line":22,"column":8}},{"start":{"line":22,"column":8},"end":{"line":22,"column":8}}]},"3":{"line":22,"type":"binary-expr","locations":[{"start":{"line":22,"column":12},"end":{"line":22,"column":22}},{"start":{"line":22,"column":26},"end":{"line":22,"column":57}}]},"4":{"line":34,"type":"if","locations":[{"start":{"line":34,"column":12},"end":{"line":34,"column":12}},{"start":{"line":34,"column":12},"end":{"line":34,"column":12}}]},"5":{"line":46,"type":"if","locations":[{"start":{"line":46,"column":12},"end":{"line":46,"column":12}},{"start":{"line":46,"column":12},"end":{"line":46,"column":12}}]},"6":{"line":58,"type":"if","locations":[{"start":{"line":58,"column":12},"end":{"line":58,"column":12}},{"start":{"line":58,"column":12},"end":{"line":58,"column":12}}]}}},"C:\\Users\\Luuk Bruna\\Documents\\nodejs_projects\\restrace\\routes\\api\\index.js":{"path":"C:\\Users\\Luuk Bruna\\Documents\\nodejs_projects\\restrace\\routes\\api\\index.js","s":{"1":1,"2":1,"3":1,"4":1,"5":0,"6":0,"7":0,"8":1,"9":1,"10":1,"11":1,"12":1,"13":0,"14":0,"15":1},"b":{"1":[0,0]},"f":{"1":0,"2":1,"3":0},"fnMap":{"1":{"name":"isLoggedIn","line":7,"loc":{"start":{"line":7,"column":0},"end":{"line":7,"column":36}}},"2":{"name":"(anonymous_2)","line":17,"loc":{"start":{"line":17,"column":17},"end":{"line":17,"column":29}}},"3":{"name":"(anonymous_3)","line":34,"loc":{"start":{"line":34,"column":17},"end":{"line":34,"column":37}}}},"statementMap":{"1":{"start":{"line":1,"column":0},"end":{"line":1,"column":33}},"2":{"start":{"line":2,"column":0},"end":{"line":2,"column":30}},"3":{"start":{"line":3,"column":0},"end":{"line":3,"column":35}},"4":{"start":{"line":7,"column":0},"end":{"line":15,"column":1}},"5":{"start":{"line":10,"column":4},"end":{"line":11,"column":22}},"6":{"start":{"line":11,"column":8},"end":{"line":11,"column":22}},"7":{"start":{"line":14,"column":4},"end":{"line":14,"column":22}},"8":{"start":{"line":17,"column":0},"end":{"line":39,"column":2}},"9":{"start":{"line":18,"column":4},"end":{"line":18,"column":57}},"10":{"start":{"line":20,"column":4},"end":{"line":25,"column":16}},"11":{"start":{"line":27,"column":4},"end":{"line":32,"column":16}},"12":{"start":{"line":33,"column":4},"end":{"line":37,"column":15}},"13":{"start":{"line":35,"column":16},"end":{"line":35,"column":29}},"14":{"start":{"line":36,"column":16},"end":{"line":36,"column":34}},"15":{"start":{"line":38,"column":4},"end":{"line":38,"column":18}}},"branchMap":{"1":{"line":10,"type":"if","locations":[{"start":{"line":10,"column":4},"end":{"line":10,"column":4}},{"start":{"line":10,"column":4},"end":{"line":10,"column":4}}]}}},"C:\\Users\\Luuk Bruna\\Documents\\nodejs_projects\\restrace\\routes\\api\\waypoints.js":{"path":"C:\\Users\\Luuk Bruna\\Documents\\nodejs_projects\\restrace\\routes\\api\\waypoints.js","s":{"1":1,"2":1,"3":1,"4":1,"5":1,"6":1,"7":1,"8":1,"9":1,"10":1,"11":1,"12":1,"13":1,"14":1,"15":0,"16":1,"17":1,"18":1,"19":1},"b":{"1":[1,0],"2":[0,1]},"f":{"1":1,"2":1,"3":1,"4":1,"5":1},"fnMap":{"1":{"name":"(anonymous_1)","line":5,"loc":{"start":{"line":5,"column":17},"end":{"line":5,"column":54}}},"2":{"name":"doTextSearch","line":12,"loc":{"start":{"line":12,"column":4},"end":{"line":12,"column":36}}},"3":{"name":"(anonymous_3)","line":17,"loc":{"start":{"line":17,"column":38},"end":{"line":17,"column":65}}},"4":{"name":"getPlaceDetails","line":24,"loc":{"start":{"line":24,"column":4},"end":{"line":24,"column":39}}},"5":{"name":"(anonymous_5)","line":25,"loc":{"start":{"line":25,"column":70},"end":{"line":25,"column":97}}}},"statementMap":{"1":{"start":{"line":1,"column":0},"end":{"line":1,"column":33}},"2":{"start":{"line":2,"column":0},"end":{"line":2,"column":23}},"3":{"start":{"line":3,"column":0},"end":{"line":3,"column":30}},"4":{"start":{"line":5,"column":0},"end":{"line":39,"column":2}},"5":{"start":{"line":6,"column":4},"end":{"line":6,"column":60}},"6":{"start":{"line":8,"column":4},"end":{"line":8,"column":34}},"7":{"start":{"line":10,"column":4},"end":{"line":10,"column":85}},"8":{"start":{"line":12,"column":4},"end":{"line":22,"column":5}},"9":{"start":{"line":13,"column":8},"end":{"line":16,"column":10}},"10":{"start":{"line":17,"column":8},"end":{"line":21,"column":11}},"11":{"start":{"line":18,"column":12},"end":{"line":20,"column":14}},"12":{"start":{"line":24,"column":4},"end":{"line":30,"column":5}},"13":{"start":{"line":25,"column":8},"end":{"line":29,"column":11}},"14":{"start":{"line":26,"column":12},"end":{"line":27,"column":57}},"15":{"start":{"line":27,"column":16},"end":{"line":27,"column":57}},"16":{"start":{"line":28,"column":12},"end":{"line":28,"column":38}},"17":{"start":{"line":32,"column":4},"end":{"line":33,"column":32}},"18":{"start":{"line":35,"column":4},"end":{"line":36,"column":34}},"19":{"start":{"line":38,"column":4},"end":{"line":38,"column":18}}},"branchMap":{"1":{"line":19,"type":"cond-expr","locations":[{"start":{"line":19,"column":39},"end":{"line":19,"column":72}},{"start":{"line":19,"column":75},"end":{"line":19,"column":87}}]},"2":{"line":26,"type":"if","locations":[{"start":{"line":26,"column":12},"end":{"line":26,"column":12}},{"start":{"line":26,"column":12},"end":{"line":26,"column":12}}]}}},"C:\\Users\\Luuk Bruna\\Documents\\nodejs_projects\\restrace\\routes\\api\\races.js":{"path":"C:\\Users\\Luuk Bruna\\Documents\\nodejs_projects\\restrace\\routes\\api\\races.js","s":{"1":1,"2":1,"3":1,"4":1,"5":1,"6":0,"7":0,"8":0,"9":1,"10":1,"11":1,"12":1,"13":1,"14":1,"15":1,"16":1,"17":0,"18":0,"19":0,"20":0,"21":0,"22":1,"23":0,"24":0,"25":0,"26":0,"27":0,"28":0,"29":0,"30":0,"31":0,"32":0,"33":0,"34":0,"35":0,"36":0,"37":1,"38":1,"39":1,"40":1,"41":0,"42":1,"43":1,"44":1,"45":1,"46":1,"47":0,"48":1,"49":1,"50":1,"51":0,"52":1,"53":1,"54":4,"55":4,"56":0,"57":4,"58":4,"59":2,"60":2,"61":2,"62":1,"63":1,"64":2,"65":2,"66":0,"67":2,"68":1,"69":1,"70":1,"71":0,"72":1,"73":1,"74":1,"75":1,"76":1,"77":1,"78":0,"79":1,"80":1,"81":1,"82":0,"83":1,"84":1,"85":1,"86":1,"87":1,"88":1,"89":1,"90":0,"91":1,"92":1,"93":0,"94":1,"95":1,"96":0,"97":1,"98":1,"99":1,"100":1,"101":1,"102":0,"103":1,"104":0,"105":0,"106":0,"107":0,"108":0,"109":0,"110":0,"111":0,"112":0,"113":1,"114":1,"115":1,"116":1,"117":1,"118":0,"119":1,"120":1,"121":0,"122":1,"123":1,"124":1,"125":1,"126":1,"127":1,"128":1,"129":1,"130":1,"131":1,"132":0,"133":1,"134":0,"135":0,"136":0,"137":0,"138":0,"139":1,"140":1,"141":0,"142":0,"143":0,"144":0,"145":0,"146":0,"147":0,"148":0,"149":0,"150":0,"151":0,"152":0,"153":0,"154":0,"155":0,"156":1,"157":0,"158":0,"159":0,"160":0,"161":0,"162":0,"163":0,"164":0,"165":0,"166":0,"167":0,"168":0,"169":0,"170":1,"171":0,"172":0,"173":0,"174":0,"175":0,"176":0,"177":0,"178":0,"179":0,"180":0,"181":0,"182":0,"183":0,"184":0,"185":1,"186":1,"187":1,"188":1,"189":1,"190":1,"191":1},"b":{"1":[0,0],"2":[0,0],"3":[0,0],"4":[0,0],"5":[0,0],"6":[0,0],"7":[0,0],"8":[0,0],"9":[0,0],"10":[0,1],"11":[0,1],"12":[0,1],"13":[0,4],"14":[2,2],"15":[4,3],"16":[1,1],"17":[0,2],"18":[0,1],"19":[0,1],"20":[0,1],"21":[0,1],"22":[0,1],"23":[0,1],"24":[1,0],"25":[0,1],"26":[0,0],"27":[0,0],"28":[0,1],"29":[0,1],"30":[1,0],"31":[1,0],"32":[0,1],"33":[0,0],"34":[0,0],"35":[0,0],"36":[0,0],"37":[0,0],"38":[0,0],"39":[0,0],"40":[0,0],"41":[0,0],"42":[0,0]},"f":{"1":0,"2":1,"3":0,"4":0,"5":0,"6":1,"7":1,"8":1,"9":1,"10":1,"11":4,"12":4,"13":2,"14":1,"15":1,"16":1,"17":1,"18":1,"19":1,"20":1,"21":1,"22":1,"23":1,"24":1,"25":1,"26":1,"27":0,"28":0,"29":1,"30":1,"31":1,"32":1,"33":1,"34":1,"35":0,"36":0,"37":1,"38":0,"39":0,"40":0,"41":0,"42":0,"43":0,"44":0,"45":0,"46":0,"47":0,"48":0,"49":0,"50":0,"51":0},"fnMap":{"1":{"name":"isLoggedIn","line":6,"loc":{"start":{"line":6,"column":0},"end":{"line":6,"column":36}}},"2":{"name":"(anonymous_2)","line":16,"loc":{"start":{"line":16,"column":17},"end":{"line":16,"column":64}}},"3":{"name":"getUserRole","line":25,"loc":{"start":{"line":25,"column":4},"end":{"line":25,"column":35}}},"4":{"name":"getRaces","line":35,"loc":{"start":{"line":35,"column":4},"end":{"line":35,"column":32}}},"5":{"name":"(anonymous_5)","line":49,"loc":{"start":{"line":49,"column":20},"end":{"line":49,"column":41}}},"6":{"name":"addRace","line":68,"loc":{"start":{"line":68,"column":4},"end":{"line":68,"column":31}}},"7":{"name":"(anonymous_7)","line":70,"loc":{"start":{"line":70,"column":18},"end":{"line":70,"column":44}}},"8":{"name":"updateRace","line":82,"loc":{"start":{"line":82,"column":4},"end":{"line":82,"column":34}}},"9":{"name":"(anonymous_9)","line":84,"loc":{"start":{"line":84,"column":40},"end":{"line":84,"column":63}}},"10":{"name":"(anonymous_10)","line":90,"loc":{"start":{"line":90,"column":24},"end":{"line":90,"column":39}}},"11":{"name":"startOrStopRace","line":103,"loc":{"start":{"line":103,"column":4},"end":{"line":103,"column":39}}},"12":{"name":"(anonymous_12)","line":104,"loc":{"start":{"line":104,"column":37},"end":{"line":104,"column":60}}},"13":{"name":"(anonymous_13)","line":119,"loc":{"start":{"line":119,"column":24},"end":{"line":119,"column":39}}},"14":{"name":"deleteRace","line":132,"loc":{"start":{"line":132,"column":4},"end":{"line":132,"column":40}}},"15":{"name":"(anonymous_15)","line":135,"loc":{"start":{"line":135,"column":11},"end":{"line":135,"column":34}}},"16":{"name":"getWaypointsOfRace","line":147,"loc":{"start":{"line":147,"column":4},"end":{"line":147,"column":42}}},"17":{"name":"(anonymous_17)","line":150,"loc":{"start":{"line":150,"column":18},"end":{"line":150,"column":39}}},"18":{"name":"(anonymous_18)","line":154,"loc":{"start":{"line":154,"column":39},"end":{"line":154,"column":65}}},"19":{"name":"(anonymous_19)","line":155,"loc":{"start":{"line":155,"column":44},"end":{"line":155,"column":71}}},"20":{"name":"(anonymous_20)","line":162,"loc":{"start":{"line":162,"column":15},"end":{"line":162,"column":30}}},"21":{"name":"addWaypointToRace","line":168,"loc":{"start":{"line":168,"column":4},"end":{"line":168,"column":41}}},"22":{"name":"(anonymous_22)","line":170,"loc":{"start":{"line":170,"column":68},"end":{"line":170,"column":93}}},"23":{"name":"(anonymous_23)","line":174,"loc":{"start":{"line":174,"column":34},"end":{"line":174,"column":55}}},"24":{"name":"(anonymous_24)","line":178,"loc":{"start":{"line":178,"column":49},"end":{"line":178,"column":74}}},"25":{"name":"(anonymous_25)","line":183,"loc":{"start":{"line":183,"column":60},"end":{"line":183,"column":87}}},"26":{"name":"(anonymous_26)","line":185,"loc":{"start":{"line":185,"column":38},"end":{"line":185,"column":53}}},"27":{"name":"(anonymous_27)","line":209,"loc":{"start":{"line":209,"column":38},"end":{"line":209,"column":68}}},"28":{"name":"(anonymous_28)","line":214,"loc":{"start":{"line":214,"column":42},"end":{"line":214,"column":57}}},"29":{"name":"deleteWaypointOfRace","line":232,"loc":{"start":{"line":232,"column":4},"end":{"line":232,"column":44}}},"30":{"name":"(anonymous_30)","line":235,"loc":{"start":{"line":235,"column":30},"end":{"line":235,"column":51}}},"31":{"name":"(anonymous_31)","line":239,"loc":{"start":{"line":239,"column":50},"end":{"line":239,"column":75}}},"32":{"name":"(anonymous_32)","line":246,"loc":{"start":{"line":246,"column":92},"end":{"line":246,"column":115}}},"33":{"name":"getUsersOfRace","line":255,"loc":{"start":{"line":255,"column":4},"end":{"line":255,"column":38}}},"34":{"name":"(anonymous_34)","line":258,"loc":{"start":{"line":258,"column":18},"end":{"line":258,"column":39}}},"35":{"name":"(anonymous_35)","line":262,"loc":{"start":{"line":262,"column":35},"end":{"line":262,"column":57}}},"36":{"name":"(anonymous_36)","line":263,"loc":{"start":{"line":263,"column":36},"end":{"line":263,"column":63}}},"37":{"name":"(anonymous_37)","line":270,"loc":{"start":{"line":270,"column":15},"end":{"line":270,"column":30}}},"38":{"name":"addUserToRace","line":276,"loc":{"start":{"line":276,"column":4},"end":{"line":276,"column":37}}},"39":{"name":"(anonymous_39)","line":277,"loc":{"start":{"line":277,"column":36},"end":{"line":277,"column":57}}},"40":{"name":"(anonymous_40)","line":281,"loc":{"start":{"line":281,"column":41},"end":{"line":281,"column":62}}},"41":{"name":"(anonymous_41)","line":286,"loc":{"start":{"line":286,"column":26},"end":{"line":286,"column":41}}},"42":{"name":"(anonymous_42)","line":292,"loc":{"start":{"line":292,"column":34},"end":{"line":292,"column":49}}},"43":{"name":"checkWaypoint","line":304,"loc":{"start":{"line":304,"column":4},"end":{"line":304,"column":37}}},"44":{"name":"(anonymous_44)","line":305,"loc":{"start":{"line":305,"column":37},"end":{"line":305,"column":58}}},"45":{"name":"(anonymous_45)","line":311,"loc":{"start":{"line":311,"column":42},"end":{"line":311,"column":67}}},"46":{"name":"(anonymous_46)","line":316,"loc":{"start":{"line":316,"column":26},"end":{"line":316,"column":41}}},"47":{"name":"getJsonResults","line":328,"loc":{"start":{"line":328,"column":4},"end":{"line":328,"column":38}}},"48":{"name":"(anonymous_48)","line":329,"loc":{"start":{"line":329,"column":37},"end":{"line":329,"column":58}}},"49":{"name":"(anonymous_49)","line":336,"loc":{"start":{"line":336,"column":40},"end":{"line":336,"column":64}}},"50":{"name":"(anonymous_50)","line":337,"loc":{"start":{"line":337,"column":45},"end":{"line":337,"column":66}}},"51":{"name":"(anonymous_51)","line":351,"loc":{"start":{"line":351,"column":15},"end":{"line":351,"column":30}}}},"statementMap":{"1":{"start":{"line":1,"column":0},"end":{"line":1,"column":33}},"2":{"start":{"line":2,"column":0},"end":{"line":2,"column":23}},"3":{"start":{"line":3,"column":0},"end":{"line":3,"column":30}},"4":{"start":{"line":4,"column":0},"end":{"line":4,"column":29}},"5":{"start":{"line":6,"column":0},"end":{"line":14,"column":1}},"6":{"start":{"line":9,"column":4},"end":{"line":10,"column":22}},"7":{"start":{"line":10,"column":8},"end":{"line":10,"column":22}},"8":{"start":{"line":13,"column":4},"end":{"line":13,"column":22}},"9":{"start":{"line":16,"column":0},"end":{"line":387,"column":2}},"10":{"start":{"line":17,"column":4},"end":{"line":17,"column":58}},"11":{"start":{"line":18,"column":4},"end":{"line":18,"column":38}},"12":{"start":{"line":19,"column":4},"end":{"line":19,"column":46}},"13":{"start":{"line":20,"column":4},"end":{"line":20,"column":38}},"14":{"start":{"line":21,"column":4},"end":{"line":21,"column":34}},"15":{"start":{"line":22,"column":4},"end":{"line":22,"column":85}},"16":{"start":{"line":25,"column":4},"end":{"line":33,"column":5}},"17":{"start":{"line":26,"column":8},"end":{"line":26,"column":22}},"18":{"start":{"line":27,"column":8},"end":{"line":31,"column":9}},"19":{"start":{"line":28,"column":12},"end":{"line":28,"column":39}},"20":{"start":{"line":30,"column":12},"end":{"line":30,"column":30}},"21":{"start":{"line":32,"column":8},"end":{"line":32,"column":20}},"22":{"start":{"line":35,"column":4},"end":{"line":66,"column":5}},"23":{"start":{"line":37,"column":8},"end":{"line":37,"column":35}},"24":{"start":{"line":39,"column":8},"end":{"line":41,"column":9}},"25":{"start":{"line":40,"column":12},"end":{"line":40,"column":86}},"26":{"start":{"line":43,"column":8},"end":{"line":46,"column":9}},"27":{"start":{"line":45,"column":12},"end":{"line":45,"column":63}},"28":{"start":{"line":49,"column":8},"end":{"line":65,"column":11}},"29":{"start":{"line":50,"column":12},"end":{"line":52,"column":13}},"30":{"start":{"line":51,"column":16},"end":{"line":51,"column":55}},"31":{"start":{"line":53,"column":12},"end":{"line":53,"column":45}},"32":{"start":{"line":55,"column":12},"end":{"line":55,"column":28}},"33":{"start":{"line":56,"column":12},"end":{"line":60,"column":13}},"34":{"start":{"line":57,"column":16},"end":{"line":57,"column":38}},"35":{"start":{"line":59,"column":16},"end":{"line":59,"column":27}},"36":{"start":{"line":62,"column":12},"end":{"line":64,"column":14}},"37":{"start":{"line":68,"column":4},"end":{"line":80,"column":5}},"38":{"start":{"line":69,"column":8},"end":{"line":69,"column":38}},"39":{"start":{"line":70,"column":8},"end":{"line":79,"column":11}},"40":{"start":{"line":71,"column":12},"end":{"line":78,"column":13}},"41":{"start":{"line":72,"column":16},"end":{"line":72,"column":55}},"42":{"start":{"line":75,"column":16},"end":{"line":77,"column":18}},"43":{"start":{"line":82,"column":4},"end":{"line":101,"column":5}},"44":{"start":{"line":83,"column":8},"end":{"line":83,"column":45}},"45":{"start":{"line":84,"column":8},"end":{"line":100,"column":11}},"46":{"start":{"line":85,"column":12},"end":{"line":87,"column":13}},"47":{"start":{"line":86,"column":16},"end":{"line":86,"column":55}},"48":{"start":{"line":89,"column":12},"end":{"line":89,"column":40}},"49":{"start":{"line":90,"column":12},"end":{"line":99,"column":15}},"50":{"start":{"line":91,"column":16},"end":{"line":98,"column":17}},"51":{"start":{"line":92,"column":20},"end":{"line":92,"column":59}},"52":{"start":{"line":95,"column":20},"end":{"line":97,"column":22}},"53":{"start":{"line":103,"column":4},"end":{"line":130,"column":5}},"54":{"start":{"line":104,"column":8},"end":{"line":129,"column":11}},"55":{"start":{"line":105,"column":12},"end":{"line":107,"column":13}},"56":{"start":{"line":106,"column":16},"end":{"line":106,"column":55}},"57":{"start":{"line":108,"column":12},"end":{"line":108,"column":41}},"58":{"start":{"line":109,"column":12},"end":{"line":111,"column":13}},"59":{"start":{"line":110,"column":16},"end":{"line":110,"column":65}},"60":{"start":{"line":113,"column":12},"end":{"line":113,"column":35}},"61":{"start":{"line":114,"column":12},"end":{"line":118,"column":13}},"62":{"start":{"line":115,"column":16},"end":{"line":115,"column":46}},"63":{"start":{"line":117,"column":16},"end":{"line":117,"column":44}},"64":{"start":{"line":119,"column":12},"end":{"line":128,"column":15}},"65":{"start":{"line":120,"column":16},"end":{"line":127,"column":17}},"66":{"start":{"line":121,"column":20},"end":{"line":121,"column":59}},"67":{"start":{"line":124,"column":20},"end":{"line":126,"column":22}},"68":{"start":{"line":132,"column":4},"end":{"line":145,"column":5}},"69":{"start":{"line":133,"column":8},"end":{"line":144,"column":11}},"70":{"start":{"line":136,"column":12},"end":{"line":143,"column":13}},"71":{"start":{"line":137,"column":16},"end":{"line":137,"column":55}},"72":{"start":{"line":140,"column":16},"end":{"line":142,"column":18}},"73":{"start":{"line":147,"column":4},"end":{"line":166,"column":5}},"74":{"start":{"line":148,"column":8},"end":{"line":148,"column":54}},"75":{"start":{"line":149,"column":8},"end":{"line":149,"column":23}},"76":{"start":{"line":150,"column":8},"end":{"line":165,"column":11}},"77":{"start":{"line":151,"column":12},"end":{"line":153,"column":13}},"78":{"start":{"line":152,"column":16},"end":{"line":152,"column":55}},"79":{"start":{"line":154,"column":12},"end":{"line":164,"column":15}},"80":{"start":{"line":155,"column":16},"end":{"line":161,"column":19}},"81":{"start":{"line":156,"column":20},"end":{"line":158,"column":21}},"82":{"start":{"line":157,"column":24},"end":{"line":157,"column":63}},"83":{"start":{"line":159,"column":20},"end":{"line":159,"column":103}},"84":{"start":{"line":160,"column":20},"end":{"line":160,"column":27}},"85":{"start":{"line":163,"column":16},"end":{"line":163,"column":53}},"86":{"start":{"line":168,"column":4},"end":{"line":230,"column":5}},"87":{"start":{"line":169,"column":8},"end":{"line":169,"column":35}},"88":{"start":{"line":170,"column":8},"end":{"line":229,"column":11}},"89":{"start":{"line":171,"column":12},"end":{"line":173,"column":13}},"90":{"start":{"line":172,"column":16},"end":{"line":172,"column":55}},"91":{"start":{"line":174,"column":12},"end":{"line":228,"column":15}},"92":{"start":{"line":175,"column":16},"end":{"line":177,"column":17}},"93":{"start":{"line":176,"column":20},"end":{"line":176,"column":59}},"94":{"start":{"line":178,"column":16},"end":{"line":227,"column":19}},"95":{"start":{"line":179,"column":20},"end":{"line":181,"column":21}},"96":{"start":{"line":180,"column":24},"end":{"line":180,"column":63}},"97":{"start":{"line":182,"column":20},"end":{"line":226,"column":21}},"98":{"start":{"line":183,"column":24},"end":{"line":195,"column":27}},"99":{"start":{"line":184,"column":28},"end":{"line":184,"column":58}},"100":{"start":{"line":185,"column":28},"end":{"line":194,"column":31}},"101":{"start":{"line":186,"column":32},"end":{"line":193,"column":33}},"102":{"start":{"line":187,"column":36},"end":{"line":187,"column":75}},"103":{"start":{"line":190,"column":36},"end":{"line":192,"column":38}},"104":{"start":{"line":198,"column":24},"end":{"line":208,"column":27}},"105":{"start":{"line":209,"column":24},"end":{"line":225,"column":27}},"106":{"start":{"line":210,"column":28},"end":{"line":224,"column":29}},"107":{"start":{"line":211,"column":32},"end":{"line":211,"column":71}},"108":{"start":{"line":213,"column":32},"end":{"line":213,"column":67}},"109":{"start":{"line":214,"column":32},"end":{"line":223,"column":35}},"110":{"start":{"line":215,"column":36},"end":{"line":222,"column":37}},"111":{"start":{"line":216,"column":40},"end":{"line":216,"column":79}},"112":{"start":{"line":219,"column":40},"end":{"line":221,"column":42}},"113":{"start":{"line":232,"column":4},"end":{"line":253,"column":5}},"114":{"start":{"line":233,"column":8},"end":{"line":233,"column":35}},"115":{"start":{"line":234,"column":8},"end":{"line":234,"column":43}},"116":{"start":{"line":235,"column":8},"end":{"line":252,"column":11}},"117":{"start":{"line":236,"column":12},"end":{"line":238,"column":13}},"118":{"start":{"line":237,"column":16},"end":{"line":237,"column":55}},"119":{"start":{"line":239,"column":12},"end":{"line":251,"column":15}},"120":{"start":{"line":240,"column":16},"end":{"line":242,"column":17}},"121":{"start":{"line":241,"column":20},"end":{"line":241,"column":59}},"122":{"start":{"line":243,"column":16},"end":{"line":243,"column":49}},"123":{"start":{"line":244,"column":16},"end":{"line":250,"column":17}},"124":{"start":{"line":245,"column":20},"end":{"line":249,"column":21}},"125":{"start":{"line":246,"column":24},"end":{"line":248,"column":27}},"126":{"start":{"line":247,"column":28},"end":{"line":247,"column":96}},"127":{"start":{"line":255,"column":4},"end":{"line":274,"column":5}},"128":{"start":{"line":256,"column":8},"end":{"line":256,"column":54}},"129":{"start":{"line":257,"column":8},"end":{"line":257,"column":23}},"130":{"start":{"line":258,"column":8},"end":{"line":273,"column":11}},"131":{"start":{"line":259,"column":12},"end":{"line":261,"column":13}},"132":{"start":{"line":260,"column":16},"end":{"line":260,"column":55}},"133":{"start":{"line":262,"column":12},"end":{"line":272,"column":15}},"134":{"start":{"line":263,"column":16},"end":{"line":269,"column":19}},"135":{"start":{"line":264,"column":20},"end":{"line":266,"column":21}},"136":{"start":{"line":265,"column":24},"end":{"line":265,"column":63}},"137":{"start":{"line":267,"column":20},"end":{"line":267,"column":79}},"138":{"start":{"line":268,"column":20},"end":{"line":268,"column":27}},"139":{"start":{"line":271,"column":16},"end":{"line":271,"column":32}},"140":{"start":{"line":276,"column":4},"end":{"line":302,"column":5}},"141":{"start":{"line":277,"column":8},"end":{"line":301,"column":11}},"142":{"start":{"line":278,"column":12},"end":{"line":280,"column":13}},"143":{"start":{"line":279,"column":16},"end":{"line":279,"column":55}},"144":{"start":{"line":281,"column":12},"end":{"line":300,"column":15}},"145":{"start":{"line":282,"column":16},"end":{"line":284,"column":17}},"146":{"start":{"line":283,"column":20},"end":{"line":283,"column":59}},"147":{"start":{"line":285,"column":16},"end":{"line":285,"column":38}},"148":{"start":{"line":286,"column":16},"end":{"line":299,"column":19}},"149":{"start":{"line":287,"column":20},"end":{"line":298,"column":21}},"150":{"start":{"line":288,"column":24},"end":{"line":288,"column":63}},"151":{"start":{"line":291,"column":24},"end":{"line":291,"column":46}},"152":{"start":{"line":292,"column":24},"end":{"line":297,"column":27}},"153":{"start":{"line":293,"column":28},"end":{"line":295,"column":29}},"154":{"start":{"line":294,"column":32},"end":{"line":294,"column":71}},"155":{"start":{"line":296,"column":28},"end":{"line":296,"column":48}},"156":{"start":{"line":304,"column":4},"end":{"line":326,"column":5}},"157":{"start":{"line":305,"column":8},"end":{"line":325,"column":11}},"158":{"start":{"line":306,"column":12},"end":{"line":308,"column":13}},"159":{"start":{"line":307,"column":16},"end":{"line":307,"column":55}},"160":{"start":{"line":309,"column":12},"end":{"line":309,"column":32}},"161":{"start":{"line":310,"column":12},"end":{"line":310,"column":49}},"162":{"start":{"line":311,"column":12},"end":{"line":324,"column":15}},"163":{"start":{"line":312,"column":16},"end":{"line":314,"column":17}},"164":{"start":{"line":313,"column":20},"end":{"line":313,"column":59}},"165":{"start":{"line":315,"column":16},"end":{"line":315,"column":68}},"166":{"start":{"line":316,"column":16},"end":{"line":323,"column":19}},"167":{"start":{"line":317,"column":20},"end":{"line":322,"column":21}},"168":{"start":{"line":318,"column":24},"end":{"line":318,"column":63}},"169":{"start":{"line":321,"column":24},"end":{"line":321,"column":123}},"170":{"start":{"line":328,"column":4},"end":{"line":355,"column":5}},"171":{"start":{"line":329,"column":8},"end":{"line":354,"column":11}},"172":{"start":{"line":330,"column":12},"end":{"line":332,"column":13}},"173":{"start":{"line":331,"column":16},"end":{"line":331,"column":55}},"174":{"start":{"line":333,"column":12},"end":{"line":333,"column":27}},"175":{"start":{"line":334,"column":12},"end":{"line":334,"column":55}},"176":{"start":{"line":335,"column":12},"end":{"line":335,"column":34}},"177":{"start":{"line":336,"column":12},"end":{"line":353,"column":15}},"178":{"start":{"line":337,"column":16},"end":{"line":350,"column":19}},"179":{"start":{"line":338,"column":20},"end":{"line":340,"column":21}},"180":{"start":{"line":339,"column":24},"end":{"line":339,"column":63}},"181":{"start":{"line":341,"column":20},"end":{"line":341,"column":52}},"182":{"start":{"line":348,"column":20},"end":{"line":348,"column":119}},"183":{"start":{"line":349,"column":20},"end":{"line":349,"column":27}},"184":{"start":{"line":352,"column":16},"end":{"line":352,"column":32}},"185":{"start":{"line":357,"column":4},"end":{"line":361,"column":27}},"186":{"start":{"line":362,"column":4},"end":{"line":368,"column":32}},"187":{"start":{"line":369,"column":4},"end":{"line":375,"column":42}},"188":{"start":{"line":376,"column":4},"end":{"line":380,"column":33}},"189":{"start":{"line":381,"column":4},"end":{"line":382,"column":33}},"190":{"start":{"line":383,"column":4},"end":{"line":384,"column":33}},"191":{"start":{"line":386,"column":4},"end":{"line":386,"column":18}}},"branchMap":{"1":{"line":9,"type":"if","locations":[{"start":{"line":9,"column":4},"end":{"line":9,"column":4}},{"start":{"line":9,"column":4},"end":{"line":9,"column":4}}]},"2":{"line":27,"type":"if","locations":[{"start":{"line":27,"column":8},"end":{"line":27,"column":8}},{"start":{"line":27,"column":8},"end":{"line":27,"column":8}}]},"3":{"line":27,"type":"binary-expr","locations":[{"start":{"line":27,"column":12},"end":{"line":27,"column":22}},{"start":{"line":27,"column":26},"end":{"line":27,"column":57}}]},"4":{"line":39,"type":"if","locations":[{"start":{"line":39,"column":8},"end":{"line":39,"column":8}},{"start":{"line":39,"column":8},"end":{"line":39,"column":8}}]},"5":{"line":39,"type":"binary-expr","locations":[{"start":{"line":39,"column":12},"end":{"line":39,"column":31}},{"start":{"line":39,"column":35},"end":{"line":39,"column":53}}]},"6":{"line":43,"type":"if","locations":[{"start":{"line":43,"column":8},"end":{"line":43,"column":8}},{"start":{"line":43,"column":8},"end":{"line":43,"column":8}}]},"7":{"line":43,"type":"binary-expr","locations":[{"start":{"line":43,"column":12},"end":{"line":43,"column":26}},{"start":{"line":43,"column":30},"end":{"line":43,"column":58}}]},"8":{"line":50,"type":"if","locations":[{"start":{"line":50,"column":12},"end":{"line":50,"column":12}},{"start":{"line":50,"column":12},"end":{"line":50,"column":12}}]},"9":{"line":56,"type":"if","locations":[{"start":{"line":56,"column":12},"end":{"line":56,"column":12}},{"start":{"line":56,"column":12},"end":{"line":56,"column":12}}]},"10":{"line":71,"type":"if","locations":[{"start":{"line":71,"column":12},"end":{"line":71,"column":12}},{"start":{"line":71,"column":12},"end":{"line":71,"column":12}}]},"11":{"line":85,"type":"if","locations":[{"start":{"line":85,"column":12},"end":{"line":85,"column":12}},{"start":{"line":85,"column":12},"end":{"line":85,"column":12}}]},"12":{"line":91,"type":"if","locations":[{"start":{"line":91,"column":16},"end":{"line":91,"column":16}},{"start":{"line":91,"column":16},"end":{"line":91,"column":16}}]},"13":{"line":105,"type":"if","locations":[{"start":{"line":105,"column":12},"end":{"line":105,"column":12}},{"start":{"line":105,"column":12},"end":{"line":105,"column":12}}]},"14":{"line":109,"type":"if","locations":[{"start":{"line":109,"column":12},"end":{"line":109,"column":12}},{"start":{"line":109,"column":12},"end":{"line":109,"column":12}}]},"15":{"line":109,"type":"binary-expr","locations":[{"start":{"line":109,"column":15},"end":{"line":109,"column":34}},{"start":{"line":109,"column":38},"end":{"line":109,"column":57}}]},"16":{"line":114,"type":"if","locations":[{"start":{"line":114,"column":12},"end":{"line":114,"column":12}},{"start":{"line":114,"column":12},"end":{"line":114,"column":12}}]},"17":{"line":120,"type":"if","locations":[{"start":{"line":120,"column":16},"end":{"line":120,"column":16}},{"start":{"line":120,"column":16},"end":{"line":120,"column":16}}]},"18":{"line":136,"type":"if","locations":[{"start":{"line":136,"column":12},"end":{"line":136,"column":12}},{"start":{"line":136,"column":12},"end":{"line":136,"column":12}}]},"19":{"line":151,"type":"if","locations":[{"start":{"line":151,"column":12},"end":{"line":151,"column":12}},{"start":{"line":151,"column":12},"end":{"line":151,"column":12}}]},"20":{"line":156,"type":"if","locations":[{"start":{"line":156,"column":20},"end":{"line":156,"column":20}},{"start":{"line":156,"column":20},"end":{"line":156,"column":20}}]},"21":{"line":171,"type":"if","locations":[{"start":{"line":171,"column":12},"end":{"line":171,"column":12}},{"start":{"line":171,"column":12},"end":{"line":171,"column":12}}]},"22":{"line":175,"type":"if","locations":[{"start":{"line":175,"column":16},"end":{"line":175,"column":16}},{"start":{"line":175,"column":16},"end":{"line":175,"column":16}}]},"23":{"line":179,"type":"if","locations":[{"start":{"line":179,"column":20},"end":{"line":179,"column":20}},{"start":{"line":179,"column":20},"end":{"line":179,"column":20}}]},"24":{"line":182,"type":"if","locations":[{"start":{"line":182,"column":20},"end":{"line":182,"column":20}},{"start":{"line":182,"column":20},"end":{"line":182,"column":20}}]},"25":{"line":186,"type":"if","locations":[{"start":{"line":186,"column":32},"end":{"line":186,"column":32}},{"start":{"line":186,"column":32},"end":{"line":186,"column":32}}]},"26":{"line":210,"type":"if","locations":[{"start":{"line":210,"column":28},"end":{"line":210,"column":28}},{"start":{"line":210,"column":28},"end":{"line":210,"column":28}}]},"27":{"line":215,"type":"if","locations":[{"start":{"line":215,"column":36},"end":{"line":215,"column":36}},{"start":{"line":215,"column":36},"end":{"line":215,"column":36}}]},"28":{"line":236,"type":"if","locations":[{"start":{"line":236,"column":12},"end":{"line":236,"column":12}},{"start":{"line":236,"column":12},"end":{"line":236,"column":12}}]},"29":{"line":240,"type":"if","locations":[{"start":{"line":240,"column":16},"end":{"line":240,"column":16}},{"start":{"line":240,"column":16},"end":{"line":240,"column":16}}]},"30":{"line":245,"type":"if","locations":[{"start":{"line":245,"column":20},"end":{"line":245,"column":20}},{"start":{"line":245,"column":20},"end":{"line":245,"column":20}}]},"31":{"line":247,"type":"cond-expr","locations":[{"start":{"line":247,"column":54},"end":{"line":247,"column":63}},{"start":{"line":247,"column":66},"end":{"line":247,"column":94}}]},"32":{"line":259,"type":"if","locations":[{"start":{"line":259,"column":12},"end":{"line":259,"column":12}},{"start":{"line":259,"column":12},"end":{"line":259,"column":12}}]},"33":{"line":264,"type":"if","locations":[{"start":{"line":264,"column":20},"end":{"line":264,"column":20}},{"start":{"line":264,"column":20},"end":{"line":264,"column":20}}]},"34":{"line":278,"type":"if","locations":[{"start":{"line":278,"column":12},"end":{"line":278,"column":12}},{"start":{"line":278,"column":12},"end":{"line":278,"column":12}}]},"35":{"line":282,"type":"if","locations":[{"start":{"line":282,"column":16},"end":{"line":282,"column":16}},{"start":{"line":282,"column":16},"end":{"line":282,"column":16}}]},"36":{"line":287,"type":"if","locations":[{"start":{"line":287,"column":20},"end":{"line":287,"column":20}},{"start":{"line":287,"column":20},"end":{"line":287,"column":20}}]},"37":{"line":293,"type":"if","locations":[{"start":{"line":293,"column":28},"end":{"line":293,"column":28}},{"start":{"line":293,"column":28},"end":{"line":293,"column":28}}]},"38":{"line":306,"type":"if","locations":[{"start":{"line":306,"column":12},"end":{"line":306,"column":12}},{"start":{"line":306,"column":12},"end":{"line":306,"column":12}}]},"39":{"line":312,"type":"if","locations":[{"start":{"line":312,"column":16},"end":{"line":312,"column":16}},{"start":{"line":312,"column":16},"end":{"line":312,"column":16}}]},"40":{"line":317,"type":"if","locations":[{"start":{"line":317,"column":20},"end":{"line":317,"column":20}},{"start":{"line":317,"column":20},"end":{"line":317,"column":20}}]},"41":{"line":330,"type":"if","locations":[{"start":{"line":330,"column":12},"end":{"line":330,"column":12}},{"start":{"line":330,"column":12},"end":{"line":330,"column":12}}]},"42":{"line":338,"type":"if","locations":[{"start":{"line":338,"column":20},"end":{"line":338,"column":20}},{"start":{"line":338,"column":20},"end":{"line":338,"column":20}}]}}}}