TN:
SF:C:\Users\Luuk Bruna\Documents\nodejs_projects\restrace\app.js
FN:25,(anonymous_1)
FN:49,handleError
FN:62,(anonymous_3)
FN:70,(anonymous_4)
FN:117,(anonymous_5)
FN:129,(anonymous_6)
FN:140,(anonymous_7)
FNF:7
FNH:1
FNDA:0,(anonymous_1)
FNDA:2,handleError
FNDA:0,(anonymous_3)
FNDA:0,(anonymous_4)
FNDA:0,(anonymous_5)
FNDA:0,(anonymous_6)
FNDA:0,(anonymous_7)
DA:1,1
DA:2,1
DA:3,1
DA:4,1
DA:5,1
DA:6,1
DA:7,1
DA:9,1
DA:10,1
DA:11,1
DA:12,1
DA:13,1
DA:14,1
DA:16,1
DA:19,1
DA:22,1
DA:24,1
DA:26,0
DA:27,0
DA:28,0
DA:29,0
DA:34,0
DA:42,1
DA:43,1
DA:44,1
DA:47,1
DA:49,1
DA:50,2
DA:51,2
DA:52,2
DA:53,2
DA:54,2
DA:55,2
DA:56,2
DA:57,2
DA:62,1
DA:65,0
DA:66,0
DA:70,1
DA:71,0
DA:72,0
DA:74,0
DA:78,1
DA:83,1
DA:84,1
DA:85,1
DA:87,1
DA:88,1
DA:89,1
DA:92,1
DA:93,1
DA:97,1
DA:98,1
DA:99,1
DA:100,1
DA:101,1
DA:102,1
DA:104,1
DA:105,1
DA:106,1
DA:108,1
DA:109,1
DA:110,1
DA:112,1
DA:113,1
DA:114,1
DA:117,1
DA:118,0
DA:119,0
DA:121,0
DA:128,1
DA:129,0
DA:130,0
DA:131,0
DA:140,1
DA:141,0
DA:142,0
DA:148,1
LF:78
LH:60
BRDA:26,1,0,0
BRDA:26,1,1,0
BRDA:28,2,0,0
BRDA:28,2,1,0
BRDA:65,3,0,0
BRDA:65,3,1,0
BRDA:65,4,0,0
BRDA:65,4,1,0
BRDA:71,5,0,0
BRDA:71,5,1,0
BRDA:71,6,0,0
BRDA:71,6,1,0
BRDA:128,7,0,0
BRDA:128,7,1,1
BRDA:130,8,0,0
BRDA:130,8,1,0
BRDA:141,9,0,0
BRDA:141,9,1,0
BRF:18
BRH:1
end_of_record
TN:
SF:C:\Users\Luuk Bruna\Documents\nodejs_projects\restrace\config\database.js
FNF:0
FNH:0
DA:2,1
LF:1
LH:1
BRF:0
BRH:0
end_of_record
TN:
SF:C:\Users\Luuk Bruna\Documents\nodejs_projects\restrace\models\User.js
FN:1,init
FN:19,(anonymous_2)
FN:23,(anonymous_3)
FN:29,(anonymous_4)
FN:34,(anonymous_5)
FNF:5
FNH:1
FNDA:1,init
FNDA:0,(anonymous_2)
FNDA:0,(anonymous_3)
FNDA:0,(anonymous_4)
FNDA:0,(anonymous_5)
DA:1,1
DA:2,1
DA:4,1
DA:19,1
DA:20,0
DA:23,1
DA:24,0
DA:29,1
DA:30,0
DA:34,1
DA:35,0
DA:38,1
DA:41,1
LF:13
LH:9
BRF:0
BRH:0
end_of_record
TN:
SF:C:\Users\Luuk Bruna\Documents\nodejs_projects\restrace\models\Waypoint.js
FN:1,init
FNF:1
FNH:1
FNDA:1,init
DA:1,1
DA:2,1
DA:4,1
DA:22,1
DA:25,1
LF:5
LH:5
BRF:0
BRH:0
end_of_record
TN:
SF:C:\Users\Luuk Bruna\Documents\nodejs_projects\restrace\models\Race.js
FN:1,init
FN:24,(anonymous_2)
FN:29,(anonymous_3)
FN:38,(anonymous_4)
FN:49,(anonymous_5)
FNF:5
FNH:2
FNDA:1,init
FNDA:7,(anonymous_2)
FNDA:0,(anonymous_3)
FNDA:0,(anonymous_4)
FNDA:0,(anonymous_5)
DA:1,1
DA:2,1
DA:4,1
DA:24,1
DA:25,7
DA:29,1
DA:30,0
DA:31,0
DA:34,0
DA:38,1
DA:39,0
DA:40,0
DA:43,0
DA:49,1
DA:51,0
DA:52,0
DA:53,0
DA:54,0
DA:55,0
DA:56,0
DA:58,0
DA:59,0
DA:60,0
DA:61,0
DA:62,0
DA:63,0
DA:64,0
DA:67,0
DA:68,0
DA:69,0
DA:70,0
DA:72,0
DA:74,0
DA:76,0
DA:80,1
DA:83,1
LF:36
LH:10
BRDA:25,1,0,7
BRDA:25,1,1,7
BRDA:30,2,0,0
BRDA:30,2,1,0
BRDA:39,3,0,0
BRDA:39,3,1,0
BRDA:62,4,0,0
BRDA:62,4,1,0
BRDA:68,5,0,0
BRDA:68,5,1,0
BRF:10
BRH:2
end_of_record
TN:
SF:C:\Users\Luuk Bruna\Documents\nodejs_projects\restrace\config\passport.js
FN:8,(anonymous_1)
FN:13,(anonymous_2)
FN:18,(anonymous_3)
FN:19,(anonymous_4)
FN:31,(anonymous_5)
FN:34,(anonymous_6)
FN:36,(anonymous_7)
FN:56,(anonymous_8)
FN:76,(anonymous_9)
FN:80,(anonymous_10)
FNF:10
FNH:1
FNDA:1,(anonymous_1)
FNDA:0,(anonymous_2)
FNDA:0,(anonymous_3)
FNDA:0,(anonymous_4)
FNDA:0,(anonymous_5)
FNDA:0,(anonymous_6)
FNDA:0,(anonymous_7)
FNDA:0,(anonymous_8)
FNDA:0,(anonymous_9)
FNDA:0,(anonymous_10)
DA:2,1
DA:5,1
DA:8,1
DA:10,1
DA:13,1
DA:14,0
DA:18,1
DA:19,0
DA:20,0
DA:25,1
DA:34,0
DA:36,0
DA:38,0
DA:39,0
DA:42,0
DA:43,0
DA:48,0
DA:51,0
DA:52,0
DA:53,0
DA:56,0
DA:57,0
DA:58,0
DA:59,0
DA:70,1
DA:80,0
DA:82,0
DA:83,0
DA:86,0
DA:87,0
DA:90,0
DA:91,0
DA:94,0
LF:33
LH:8
BRDA:38,1,0,0
BRDA:38,1,1,0
BRDA:42,2,0,0
BRDA:42,2,1,0
BRDA:57,3,0,0
BRDA:57,3,1,0
BRDA:82,4,0,0
BRDA:82,4,1,0
BRDA:86,5,0,0
BRDA:86,5,1,0
BRDA:90,6,0,0
BRDA:90,6,1,0
BRF:12
BRH:0
end_of_record
TN:
SF:C:\Users\Luuk Bruna\Documents\nodejs_projects\restrace\routes\index.js
FN:6,isLoggedIn
FN:16,(anonymous_2)
FN:22,(anonymous_3)
FN:30,(anonymous_4)
FN:35,(anonymous_5)
FN:40,(anonymous_6)
FNF:6
FNH:1
FNDA:0,isLoggedIn
FNDA:1,(anonymous_2)
FNDA:0,(anonymous_3)
FNDA:0,(anonymous_4)
FNDA:0,(anonymous_5)
FNDA:0,(anonymous_6)
DA:1,1
DA:2,1
DA:3,1
DA:6,1
DA:9,0
DA:10,0
DA:13,0
DA:16,1
DA:17,1
DA:18,1
DA:21,1
DA:23,0
DA:24,0
DA:26,0
DA:29,1
DA:31,0
DA:34,1
DA:36,0
DA:39,1
DA:41,0
DA:42,0
DA:44,0
DA:49,1
LF:23
LH:12
BRDA:9,1,0,0
BRDA:9,1,1,0
BRDA:23,2,0,0
BRDA:23,2,1,0
BRDA:41,3,0,0
BRDA:41,3,1,0
BRF:6
BRH:0
end_of_record
TN:
SF:C:\Users\Luuk Bruna\Documents\nodejs_projects\restrace\routes\waypoints.js
FN:5,(anonymous_1)
FN:9,(anonymous_2)
FNF:2
FNH:1
FNDA:1,(anonymous_1)
FNDA:0,(anonymous_2)
DA:1,1
DA:2,1
DA:3,1
DA:5,1
DA:6,1
DA:8,1
DA:10,0
DA:13,1
LF:8
LH:7
BRF:0
BRH:0
end_of_record
TN:
SF:C:\Users\Luuk Bruna\Documents\nodejs_projects\restrace\routes\races.js
FN:5,isLoggedIn
FN:15,(anonymous_2)
FN:20,getUserRole
FN:30,getRace
FN:33,(anonymous_5)
FN:42,getShowRace
FN:45,(anonymous_7)
FN:54,getResultPage
FN:57,(anonymous_9)
FN:66,(anonymous_10)
FNF:10
FNH:5
FNDA:0,isLoggedIn
FNDA:1,(anonymous_2)
FNDA:2,getUserRole
FNDA:1,getRace
FNDA:1,(anonymous_5)
FNDA:0,getShowRace
FNDA:0,(anonymous_7)
FNDA:0,getResultPage
FNDA:0,(anonymous_9)
FNDA:1,(anonymous_10)
DA:1,1
DA:2,1
DA:3,1
DA:5,1
DA:8,0
DA:9,0
DA:12,0
DA:15,1
DA:16,1
DA:17,1
DA:18,1
DA:20,1
DA:21,2
DA:22,2
DA:23,0
DA:25,2
DA:27,2
DA:30,1
DA:31,1
DA:32,1
DA:33,1
DA:34,1
DA:35,0
DA:37,1
DA:38,1
DA:42,1
DA:43,0
DA:44,0
DA:45,0
DA:46,0
DA:47,0
DA:49,0
DA:50,0
DA:54,1
DA:55,0
DA:56,0
DA:57,0
DA:58,0
DA:59,0
DA:61,0
DA:65,1
DA:67,1
DA:68,1
DA:70,1
DA:72,1
DA:74,1
DA:77,1
LF:47
LH:29
BRDA:8,1,0,0
BRDA:8,1,1,0
BRDA:22,2,0,0
BRDA:22,2,1,2
BRDA:22,3,0,2
BRDA:22,3,1,2
BRDA:34,4,0,0
BRDA:34,4,1,1
BRDA:46,5,0,0
BRDA:46,5,1,0
BRDA:58,6,0,0
BRDA:58,6,1,0
BRF:12
BRH:4
end_of_record
TN:
SF:C:\Users\Luuk Bruna\Documents\nodejs_projects\restrace\routes\api\index.js
FN:7,isLoggedIn
FN:17,(anonymous_2)
FN:34,(anonymous_3)
FNF:3
FNH:1
FNDA:0,isLoggedIn
FNDA:1,(anonymous_2)
FNDA:0,(anonymous_3)
DA:1,1
DA:2,1
DA:3,1
DA:7,1
DA:10,0
DA:11,0
DA:14,0
DA:17,1
DA:18,1
DA:20,1
DA:27,1
DA:33,1
DA:35,0
DA:36,0
DA:38,1
LF:15
LH:10
BRDA:10,1,0,0
BRDA:10,1,1,0
BRF:2
BRH:0
end_of_record
TN:
SF:C:\Users\Luuk Bruna\Documents\nodejs_projects\restrace\routes\api\waypoints.js
FN:5,(anonymous_1)
FN:12,doTextSearch
FN:17,(anonymous_3)
FN:24,getPlaceDetails
FN:25,(anonymous_5)
FNF:5
FNH:5
FNDA:1,(anonymous_1)
FNDA:1,doTextSearch
FNDA:1,(anonymous_3)
FNDA:1,getPlaceDetails
FNDA:1,(anonymous_5)
DA:1,1
DA:2,1
DA:3,1
DA:5,1
DA:6,1
DA:8,1
DA:10,1
DA:12,1
DA:13,1
DA:17,1
DA:18,1
DA:24,1
DA:25,1
DA:26,1
DA:27,0
DA:28,1
DA:32,1
DA:35,1
DA:38,1
LF:19
LH:18
BRDA:19,1,0,1
BRDA:19,1,1,0
BRDA:26,2,0,0
BRDA:26,2,1,1
BRF:4
BRH:2
end_of_record
TN:
SF:C:\Users\Luuk Bruna\Documents\nodejs_projects\restrace\routes\api\races.js
FN:6,isLoggedIn
FN:16,(anonymous_2)
FN:25,getUserRole
FN:35,getRaces
FN:49,(anonymous_5)
FN:68,addRace
FN:70,(anonymous_7)
FN:82,updateRace
FN:84,(anonymous_9)
FN:90,(anonymous_10)
FN:103,startOrStopRace
FN:104,(anonymous_12)
FN:119,(anonymous_13)
FN:132,deleteRace
FN:135,(anonymous_15)
FN:147,getWaypointsOfRace
FN:150,(anonymous_17)
FN:154,(anonymous_18)
FN:155,(anonymous_19)
FN:162,(anonymous_20)
FN:168,addWaypointToRace
FN:170,(anonymous_22)
FN:174,(anonymous_23)
FN:178,(anonymous_24)
FN:183,(anonymous_25)
FN:185,(anonymous_26)
FN:209,(anonymous_27)
FN:214,(anonymous_28)
FN:232,deleteWaypointOfRace
FN:235,(anonymous_30)
FN:239,(anonymous_31)
FN:246,(anonymous_32)
FN:255,getUsersOfRace
FN:258,(anonymous_34)
FN:262,(anonymous_35)
FN:263,(anonymous_36)
FN:270,(anonymous_37)
FN:276,addUserToRace
FN:277,(anonymous_39)
FN:281,(anonymous_40)
FN:286,(anonymous_41)
FN:292,(anonymous_42)
FN:304,checkWaypoint
FN:305,(anonymous_44)
FN:311,(anonymous_45)
FN:316,(anonymous_46)
FN:328,getJsonResults
FN:329,(anonymous_48)
FN:336,(anonymous_49)
FN:337,(anonymous_50)
FN:351,(anonymous_51)
FNF:51
FNH:29
FNDA:0,isLoggedIn
FNDA:1,(anonymous_2)
FNDA:0,getUserRole
FNDA:0,getRaces
FNDA:0,(anonymous_5)
FNDA:1,addRace
FNDA:1,(anonymous_7)
FNDA:1,updateRace
FNDA:1,(anonymous_9)
FNDA:1,(anonymous_10)
FNDA:4,startOrStopRace
FNDA:4,(anonymous_12)
FNDA:2,(anonymous_13)
FNDA:1,deleteRace
FNDA:1,(anonymous_15)
FNDA:1,getWaypointsOfRace
FNDA:1,(anonymous_17)
FNDA:1,(anonymous_18)
FNDA:1,(anonymous_19)
FNDA:1,(anonymous_20)
FNDA:1,addWaypointToRace
FNDA:1,(anonymous_22)
FNDA:1,(anonymous_23)
FNDA:1,(anonymous_24)
FNDA:1,(anonymous_25)
FNDA:1,(anonymous_26)
FNDA:0,(anonymous_27)
FNDA:0,(anonymous_28)
FNDA:1,deleteWaypointOfRace
FNDA:1,(anonymous_30)
FNDA:1,(anonymous_31)
FNDA:1,(anonymous_32)
FNDA:1,getUsersOfRace
FNDA:1,(anonymous_34)
FNDA:0,(anonymous_35)
FNDA:0,(anonymous_36)
FNDA:1,(anonymous_37)
FNDA:0,addUserToRace
FNDA:0,(anonymous_39)
FNDA:0,(anonymous_40)
FNDA:0,(anonymous_41)
FNDA:0,(anonymous_42)
FNDA:0,checkWaypoint
FNDA:0,(anonymous_44)
FNDA:0,(anonymous_45)
FNDA:0,(anonymous_46)
FNDA:0,getJsonResults
FNDA:0,(anonymous_48)
FNDA:0,(anonymous_49)
FNDA:0,(anonymous_50)
FNDA:0,(anonymous_51)
DA:1,1
DA:2,1
DA:3,1
DA:4,1
DA:6,1
DA:9,0
DA:10,0
DA:13,0
DA:16,1
DA:17,1
DA:18,1
DA:19,1
DA:20,1
DA:21,1
DA:22,1
DA:25,1
DA:26,0
DA:27,0
DA:28,0
DA:30,0
DA:32,0
DA:35,1
DA:37,0
DA:39,0
DA:40,0
DA:43,0
DA:45,0
DA:49,0
DA:50,0
DA:51,0
DA:53,0
DA:55,0
DA:56,0
DA:57,0
DA:59,0
DA:62,0
DA:68,1
DA:69,1
DA:70,1
DA:71,1
DA:72,0
DA:75,1
DA:82,1
DA:83,1
DA:84,1
DA:85,1
DA:86,0
DA:89,1
DA:90,1
DA:91,1
DA:92,0
DA:95,1
DA:103,1
DA:104,4
DA:105,4
DA:106,0
DA:108,4
DA:109,4
DA:110,2
DA:113,2
DA:114,2
DA:115,1
DA:117,1
DA:119,2
DA:120,2
DA:121,0
DA:124,2
DA:132,1
DA:133,1
DA:136,1
DA:137,0
DA:140,1
DA:147,1
DA:148,1
DA:149,1
DA:150,1
DA:151,1
DA:152,0
DA:154,1
DA:155,1
DA:156,1
DA:157,0
DA:159,1
DA:160,1
DA:163,1
DA:168,1
DA:169,1
DA:170,1
DA:171,1
DA:172,0
DA:174,1
DA:175,1
DA:176,0
DA:178,1
DA:179,1
DA:180,0
DA:182,1
DA:183,1
DA:184,1
DA:185,1
DA:186,1
DA:187,0
DA:190,1
DA:198,0
DA:209,0
DA:210,0
DA:211,0
DA:213,0
DA:214,0
DA:215,0
DA:216,0
DA:219,0
DA:232,1
DA:233,1
DA:234,1
DA:235,1
DA:236,1
DA:237,0
DA:239,1
DA:240,1
DA:241,0
DA:243,1
DA:244,1
DA:245,1
DA:246,1
DA:247,1
DA:255,1
DA:256,1
DA:257,1
DA:258,1
DA:259,1
DA:260,0
DA:262,1
DA:263,0
DA:264,0
DA:265,0
DA:267,0
DA:268,0
DA:271,1
DA:276,1
DA:277,0
DA:278,0
DA:279,0
DA:281,0
DA:282,0
DA:283,0
DA:285,0
DA:286,0
DA:287,0
DA:288,0
DA:291,0
DA:292,0
DA:293,0
DA:294,0
DA:296,0
DA:304,1
DA:305,0
DA:306,0
DA:307,0
DA:309,0
DA:310,0
DA:311,0
DA:312,0
DA:313,0
DA:315,0
DA:316,0
DA:317,0
DA:318,0
DA:321,0
DA:328,1
DA:329,0
DA:330,0
DA:331,0
DA:333,0
DA:334,0
DA:335,0
DA:336,0
DA:337,0
DA:338,0
DA:339,0
DA:341,0
DA:348,0
DA:349,0
DA:352,0
DA:357,1
DA:362,1
DA:369,1
DA:376,1
DA:381,1
DA:383,1
DA:386,1
LF:191
LH:98
BRDA:9,1,0,0
BRDA:9,1,1,0
BRDA:27,2,0,0
BRDA:27,2,1,0
BRDA:27,3,0,0
BRDA:27,3,1,0
BRDA:39,4,0,0
BRDA:39,4,1,0
BRDA:39,5,0,0
BRDA:39,5,1,0
BRDA:43,6,0,0
BRDA:43,6,1,0
BRDA:43,7,0,0
BRDA:43,7,1,0
BRDA:50,8,0,0
BRDA:50,8,1,0
BRDA:56,9,0,0
BRDA:56,9,1,0
BRDA:71,10,0,0
BRDA:71,10,1,1
BRDA:85,11,0,0
BRDA:85,11,1,1
BRDA:91,12,0,0
BRDA:91,12,1,1
BRDA:105,13,0,0
BRDA:105,13,1,4
BRDA:109,14,0,2
BRDA:109,14,1,2
BRDA:109,15,0,4
BRDA:109,15,1,3
BRDA:114,16,0,1
BRDA:114,16,1,1
BRDA:120,17,0,0
BRDA:120,17,1,2
BRDA:136,18,0,0
BRDA:136,18,1,1
BRDA:151,19,0,0
BRDA:151,19,1,1
BRDA:156,20,0,0
BRDA:156,20,1,1
BRDA:171,21,0,0
BRDA:171,21,1,1
BRDA:175,22,0,0
BRDA:175,22,1,1
BRDA:179,23,0,0
BRDA:179,23,1,1
BRDA:182,24,0,1
BRDA:182,24,1,0
BRDA:186,25,0,0
BRDA:186,25,1,1
BRDA:210,26,0,0
BRDA:210,26,1,0
BRDA:215,27,0,0
BRDA:215,27,1,0
BRDA:236,28,0,0
BRDA:236,28,1,1
BRDA:240,29,0,0
BRDA:240,29,1,1
BRDA:245,30,0,1
BRDA:245,30,1,0
BRDA:247,31,0,1
BRDA:247,31,1,0
BRDA:259,32,0,0
BRDA:259,32,1,1
BRDA:264,33,0,0
BRDA:264,33,1,0
BRDA:278,34,0,0
BRDA:278,34,1,0
BRDA:282,35,0,0
BRDA:282,35,1,0
BRDA:287,36,0,0
BRDA:287,36,1,0
BRDA:293,37,0,0
BRDA:293,37,1,0
BRDA:306,38,0,0
BRDA:306,38,1,0
BRDA:312,39,0,0
BRDA:312,39,1,0
BRDA:317,40,0,0
BRDA:317,40,1,0
BRDA:330,41,0,0
BRDA:330,41,1,0
BRDA:338,42,0,0
BRDA:338,42,1,0
BRF:84
BRH:24
end_of_record
